Fri 07 Jul 2023 01:27:05 PM UTC
Fri 07 Jul 2023 01:27:07 PM UTC
Fri 07 Jul 2023 01:27:17 PM UTC
------------------------------------------------- Recall task started! -------------------------------------------------
[DatasetDownload] File existed:/raid/whicks/proj_milvus/vectordb-benchmark/datasets/dataset_files/yoochoose.hdf5
[ClientMilvus] Parameters used: 
{'database_params': {'metric_type': 'L2', 'dim': 64, 'max_length': 256},
 'insert_params': {'batch': 1000},
 'connection_params': {'secure': False},
 'collection_params': {'collection_name': 'merlin_user_collection',
                       'other_fields': []},
 'index_params': {'index_type': 'GPU_IVF_PQ',
                  'index_param': {'nlist': 200, 'm': 64, 'nbits': 8}},
 'load_params': {},
 'search_params': {'timeout': 1800,
                   'top_k': [100],
                   'nq': [1000],
                   'search_param': {'nprobe': [5, 10, 20]}},
 'concurrent_params': {},
 'concurrent_tasks': []}
[ClientMilvus] Start preparing data
[ClientMilvus] Start inserting data
[ClientMilvus] Start building index
[ClientMilvus] Start loading data
[ClientMilvus] Insert time:202.87s, Index time:30.7s, Load time:5.044s
[ClientMilvus] Data preparation completed
[ClientMilvus] Search recall:0.952, search params:{'top_k': 100, 'nq': 1000, 'search_param': {'nprobe': 5}, 'timeout': 1800, 'metric_type': 'L2'}
[ClientMilvus] Search recall:0.986, search params:{'top_k': 100, 'nq': 1000, 'search_param': {'nprobe': 10}, 'timeout': 1800, 'metric_type': 'L2'}
[ClientMilvus] Search recall:0.991, search params:{'top_k': 100, 'nq': 1000, 'search_param': {'nprobe': 20}, 'timeout': 1800, 'metric_type': 'L2'}
------------------------------------------------ Recall task finished! -------------------------------------------------
Fri 07 Jul 2023 01:45:45 PM UTC
Fri 07 Jul 2023 01:45:45 PM UTC
---------------------------------------------- Concurrency task started! -----------------------------------------------
[MultiProcessConcurrent] Parameters used: 
{'database_params': {'metric_type': 'L2', 'dim': 64, 'max_length': 256},
 'insert_params': {},
 'connection_params': {'secure': False},
 'collection_params': {'collection_name': 'merlin_user_collection'},
 'index_params': {},
 'load_params': {},
 'search_params': {},
 'concurrent_params': {'concurrent_number': 10,
                       'during_time': 60,
                       'warm_time': 0,
                       'interval': 20},
 'concurrent_tasks': [{'type': 'query',
                       'weight': 0,
                       'params': {'expr': 'id in [1, 10, 100, 1000]',
                                  'timeout': 1800}},
                      {'type': 'search',
                       'weight': 1,
                       'params': {'nq': 1000,
                                  'top_k': 100,
                                  'search_param': {'nprobe': 5},
                                  'timeout': 1800}}]}
[MultiProcessConcurrent] Get multiprocessing start method: forkserver
[MultiProcessConcurrent] Start initializing the concurrent pool
[MultiProcessConcurrent] Start waiting for 10 processes ready: 2.0s
[MultiProcessConcurrent] Start concurrent pool
[ParserResult] Starting sync report, interval:20s, intermediate state results are available for reference
 Name                            # reqs      # fails  |     Avg     Min     Max  Median    TP99  |   req/s failures/s
---------------------------------------------------------------------------------------------------------------------
 Name                            # reqs      # fails  |     Avg     Min     Max  Median    TP99  |   req/s failures/s
 search                             791     0(0.00%)  |     249     201     381     244     327  |   39.55    0.00
 Name                            # reqs      # fails  |     Avg     Min     Max  Median    TP99  |   req/s failures/s
 search                            1587     0(0.00%)  |     250     205     344     244     318  |   39.80    0.00
 Name                            # reqs      # fails  |     Avg     Min     Max  Median    TP99  |   req/s failures/s
 search                            2392     0(0.00%)  |     247     203     325     245     309  |   40.25    0.00
[MultiProcessConcurrent] End concurrent pool
------------------------------------------------- Print final status ------------------------------------------------
 Name                            # reqs      # fails  |     Avg     Min     Max  Median    TP99  |   req/s failures/s
 search                            2401     0(0.00%)  |     249     201     381     244     319  |   39.86    0.00
------------------------ Print the status without start and end warmup time:0s as a reference -----------------------
 Name                            # reqs      # fails  |     Avg     Min     Max  Median    TP99  |   req/s failures/s
 search                            2401     0(0.00%)  |     249     201     381     244     319  |   39.86    0.00
[ParserResult] Completed sync report
[MultiProcessConcurrent] Summary of overall results: 
{'reqs': 2401,
 'rps': 39.8555,
 'total_time_s': 60.2426,
 'avg_time_ms': 249.2544,
 'min_time_ms': 201.7948,
 'max_time_ms': 381.3722,
 'median_time_ms': 244.7027,
 'p95_time_ms': 294.5532,
 'p99_time_ms': 319.3039,
 'sum_all_rt_ms': 598459.7691}
---------------------------------------------- Concurrency task finished! ----------------------------------------------
Fri 07 Jul 2023 01:46:56 PM UTC
Fri 07 Jul 2023 01:46:56 PM UTC
---------------------------------------------- Concurrency task started! -----------------------------------------------
[MultiProcessConcurrent] Parameters used: 
{'database_params': {'metric_type': 'L2', 'dim': 64, 'max_length': 256},
 'insert_params': {},
 'connection_params': {'secure': False},
 'collection_params': {'collection_name': 'merlin_user_collection'},
 'index_params': {},
 'load_params': {},
 'search_params': {},
 'concurrent_params': {'concurrent_number': 10,
                       'during_time': 60,
                       'warm_time': 0,
                       'interval': 20},
 'concurrent_tasks': [{'type': 'query',
                       'weight': 0,
                       'params': {'expr': 'id in [1, 10, 100, 1000]',
                                  'timeout': 1800}},
                      {'type': 'search',
                       'weight': 1,
                       'params': {'nq': 1000,
                                  'top_k': 100,
                                  'search_param': {'nprobe': 10},
                                  'timeout': 1800}}]}
[MultiProcessConcurrent] Get multiprocessing start method: forkserver
[MultiProcessConcurrent] Start initializing the concurrent pool
[MultiProcessConcurrent] Start waiting for 10 processes ready: 2.0s
[MultiProcessConcurrent] Start concurrent pool
[ParserResult] Starting sync report, interval:20s, intermediate state results are available for reference
 Name                            # reqs      # fails  |     Avg     Min     Max  Median    TP99  |   req/s failures/s
---------------------------------------------------------------------------------------------------------------------
 Name                            # reqs      # fails  |     Avg     Min     Max  Median    TP99  |   req/s failures/s
 search                             585     0(0.00%)  |     337     228     557     330     425  |   29.25    0.00
 Name                            # reqs      # fails  |     Avg     Min     Max  Median    TP99  |   req/s failures/s
 search                            1179     0(0.00%)  |     336     230     429     330     417  |   29.70    0.00
 Name                            # reqs      # fails  |     Avg     Min     Max  Median    TP99  |   req/s failures/s
 search                            1768     0(0.00%)  |     336     232     438     329     421  |   29.45    0.00
[MultiProcessConcurrent] End concurrent pool
------------------------------------------------- Print final status ------------------------------------------------
 Name                            # reqs      # fails  |     Avg     Min     Max  Median    TP99  |   req/s failures/s
 search                            1778     0(0.00%)  |     337     228     557     330     422  |   29.49    0.00
------------------------ Print the status without start and end warmup time:0s as a reference -----------------------
 Name                            # reqs      # fails  |     Avg     Min     Max  Median    TP99  |   req/s failures/s
 search                            1778     0(0.00%)  |     337     228     557     330     422  |   29.49    0.00
[ParserResult] Completed sync report
[MultiProcessConcurrent] Summary of overall results: 
{'reqs': 1778,
 'rps': 29.4887,
 'total_time_s': 60.2943,
 'avg_time_ms': 337.0067,
 'min_time_ms': 228.8564,
 'max_time_ms': 557.8786,
 'median_time_ms': 330.1448,
 'p95_time_ms': 404.0864,
 'p99_time_ms': 422.6154,
 'sum_all_rt_ms': 599197.9165}
---------------------------------------------- Concurrency task finished! ----------------------------------------------
Fri 07 Jul 2023 01:48:08 PM UTC
Fri 07 Jul 2023 01:48:08 PM UTC
---------------------------------------------- Concurrency task started! -----------------------------------------------
[MultiProcessConcurrent] Parameters used: 
{'database_params': {'metric_type': 'L2', 'dim': 64, 'max_length': 256},
 'insert_params': {},
 'connection_params': {'secure': False},
 'collection_params': {'collection_name': 'merlin_user_collection'},
 'index_params': {},
 'load_params': {},
 'search_params': {},
 'concurrent_params': {'concurrent_number': 10,
                       'during_time': 60,
                       'warm_time': 0,
                       'interval': 20},
 'concurrent_tasks': [{'type': 'query',
                       'weight': 0,
                       'params': {'expr': 'id in [1, 10, 100, 1000]',
                                  'timeout': 1800}},
                      {'type': 'search',
                       'weight': 1,
                       'params': {'nq': 1000,
                                  'top_k': 100,
                                  'search_param': {'nprobe': 20},
                                  'timeout': 1800}}]}
[MultiProcessConcurrent] Get multiprocessing start method: forkserver
[MultiProcessConcurrent] Start initializing the concurrent pool
[MultiProcessConcurrent] Start waiting for 10 processes ready: 2.0s
[MultiProcessConcurrent] Start concurrent pool
[ParserResult] Starting sync report, interval:20s, intermediate state results are available for reference
 Name                            # reqs      # fails  |     Avg     Min     Max  Median    TP99  |   req/s failures/s
---------------------------------------------------------------------------------------------------------------------
 Name                            # reqs      # fails  |     Avg     Min     Max  Median    TP99  |   req/s failures/s
 search                             309     0(0.00%)  |     634     352     838     669     758  |   15.45    0.00
 Name                            # reqs      # fails  |     Avg     Min     Max  Median    TP99  |   req/s failures/s
 search                             624     0(0.00%)  |     635     476     730     669     716  |   15.75    0.00
 Name                            # reqs      # fails  |     Avg     Min     Max  Median    TP99  |   req/s failures/s
 search                             936     0(0.00%)  |     638     474     769     669     739  |   15.60    0.00
[MultiProcessConcurrent] End concurrent pool
------------------------------------------------- Print final status ------------------------------------------------
 Name                            # reqs      # fails  |     Avg     Min     Max  Median    TP99  |   req/s failures/s
 search                             946     0(0.00%)  |     635     352     838     669     745  |   15.63    0.00
------------------------ Print the status without start and end warmup time:0s as a reference -----------------------
 Name                            # reqs      # fails  |     Avg     Min     Max  Median    TP99  |   req/s failures/s
 search                             946     0(0.00%)  |     635     352     838     669     745  |   15.63    0.00
[ParserResult] Completed sync report
[MultiProcessConcurrent] Summary of overall results: 
{'reqs': 946,
 'rps': 15.6343,
 'total_time_s': 60.5081,
 'avg_time_ms': 635.9983,
 'min_time_ms': 352.3,
 'max_time_ms': 838.4491,
 'median_time_ms': 669.6609,
 'p95_time_ms': 712.2037,
 'p99_time_ms': 745.5034,
 'sum_all_rt_ms': 601654.4092}
---------------------------------------------- Concurrency task finished! ----------------------------------------------
Fri 07 Jul 2023 01:49:20 PM UTC
Fri 07 Jul 2023 01:49:20 PM UTC
Fri 07 Jul 2023 01:49:27 PM UTC
