------------------------------------------------- Recall task started! -------------------------------------------------
[DatasetDownload] File existed:/raid/whicks/proj_milvus/vectordb-benchmark/datasets/dataset_files/yoochoose.hdf5
[ClientMilvus] Parameters used: 
{'database_params': {'metric_type': 'L2', 'dim': 64, 'max_length': 256},
 'insert_params': {'batch': 100},
 'connection_params': {'secure': False},
 'collection_params': {'collection_name': 'merlin_item_collection',
                       'other_fields': []},
 'index_params': {'index_type': 'IVF_PQ',
                  'index_param': {'nlist': 200, 'm': 64, 'nbits': 12}},
 'load_params': {},
 'search_params': {'timeout': 1800,
                   'top_k': [100],
                   'nq': [1000],
                   'search_param': {'nprobe': [5, 10, 20]}},
 'concurrent_params': {},
 'concurrent_tasks': []}
[ClientMilvus] Start preparing data
[ClientMilvus] Start inserting data
[ClientMilvus] Start building index
[ClientMilvus] Start loading data
[ClientMilvus] Insert time:2.343s, Index time:34.689s, Load time:4.037s
[ClientMilvus] Data preparation completed
[ClientMilvus] Search recall:0.818, search params:{'top_k': 100, 'nq': 1000, 'search_param': {'nprobe': 5}, 'timeout': 1800, 'metric_type': 'L2'}
[ClientMilvus] Search recall:0.94, search params:{'top_k': 100, 'nq': 1000, 'search_param': {'nprobe': 10}, 'timeout': 1800, 'metric_type': 'L2'}
[ClientMilvus] Search recall:0.989, search params:{'top_k': 100, 'nq': 1000, 'search_param': {'nprobe': 20}, 'timeout': 1800, 'metric_type': 'L2'}
------------------------------------------------ Recall task finished! -------------------------------------------------
---------------------------------------------- Concurrency task started! -----------------------------------------------
[MultiProcessConcurrent] Parameters used: 
{'database_params': {'metric_type': 'L2', 'dim': 64, 'max_length': 256},
 'insert_params': {},
 'connection_params': {'secure': False},
 'collection_params': {'collection_name': 'merlin_item_collection'},
 'index_params': {},
 'load_params': {},
 'search_params': {},
 'concurrent_params': {'concurrent_number': 10,
                       'during_time': 60,
                       'warm_time': 0,
                       'interval': 20},
 'concurrent_tasks': [{'type': 'query',
                       'weight': 0,
                       'params': {'expr': 'id in [1, 10, 100, 1000]',
                                  'timeout': 1800}},
                      {'type': 'search',
                       'weight': 1,
                       'params': {'nq': 1000,
                                  'top_k': 100,
                                  'search_param': {'nprobe': 5},
                                  'timeout': 1800}}]}
[MultiProcessConcurrent] Get multiprocessing start method: forkserver
[MultiProcessConcurrent] Start initializing the concurrent pool
[MultiProcessConcurrent] Start waiting for 10 processes ready: 2.0s
[MultiProcessConcurrent] Start concurrent pool
[ParserResult] Starting sync report, interval:20s, intermediate state results are available for reference
 Name                            # reqs      # fails  |     Avg     Min     Max  Median    TP99  |   req/s failures/s
---------------------------------------------------------------------------------------------------------------------
 Name                            # reqs      # fails  |     Avg     Min     Max  Median    TP99  |   req/s failures/s
 search                             214     0(0.00%)  |     912     306    1241     948    1229  |   10.70    0.00
 Name                            # reqs      # fails  |     Avg     Min     Max  Median    TP99  |   req/s failures/s
 search                             438     0(0.00%)  |     890     272    1155     923    1145  |   11.20    0.00
 Name                            # reqs      # fails  |     Avg     Min     Max  Median    TP99  |   req/s failures/s
 search                             654     0(0.00%)  |     914     294    1127     929    1115  |   10.80    0.00
[MultiProcessConcurrent] End concurrent pool
------------------------------------------------- Print final status ------------------------------------------------
 Name                            # reqs      # fails  |     Avg     Min     Max  Median    TP99  |   req/s failures/s
 search                             664     0(0.00%)  |     904     272    1241     930    1151  |   11.01    0.00
------------------------ Print the status without start and end warmup time:0s as a reference -----------------------
 Name                            # reqs      # fails  |     Avg     Min     Max  Median    TP99  |   req/s failures/s
 search                             664     0(0.00%)  |     904     272    1241     930    1151  |   11.01    0.00
[ParserResult] Completed sync report
[MultiProcessConcurrent] Summary of overall results: 
{'reqs': 664,
 'rps': 11.0128,
 'total_time_s': 60.2937,
 'avg_time_ms': 904.602,
 'min_time_ms': 272.8964,
 'max_time_ms': 1241.5626,
 'median_time_ms': 930.742,
 'p95_time_ms': 1103.4478,
 'p99_time_ms': 1151.5398,
 'sum_all_rt_ms': 600655.7225}
---------------------------------------------- Concurrency task finished! ----------------------------------------------
---------------------------------------------- Concurrency task started! -----------------------------------------------
[MultiProcessConcurrent] Parameters used: 
{'database_params': {'metric_type': 'L2', 'dim': 64, 'max_length': 256},
 'insert_params': {},
 'connection_params': {'secure': False},
 'collection_params': {'collection_name': 'merlin_item_collection'},
 'index_params': {},
 'load_params': {},
 'search_params': {},
 'concurrent_params': {'concurrent_number': 10,
                       'during_time': 60,
                       'warm_time': 0,
                       'interval': 20},
 'concurrent_tasks': [{'type': 'query',
                       'weight': 0,
                       'params': {'expr': 'id in [1, 10, 100, 1000]',
                                  'timeout': 1800}},
                      {'type': 'search',
                       'weight': 1,
                       'params': {'nq': 1000,
                                  'top_k': 100,
                                  'search_param': {'nprobe': 10},
                                  'timeout': 1800}}]}
[MultiProcessConcurrent] Get multiprocessing start method: forkserver
[MultiProcessConcurrent] Start initializing the concurrent pool
[MultiProcessConcurrent] Start waiting for 10 processes ready: 2.0s
[MultiProcessConcurrent] Start concurrent pool
[ParserResult] Starting sync report, interval:20s, intermediate state results are available for reference
 Name                            # reqs      # fails  |     Avg     Min     Max  Median    TP99  |   req/s failures/s
---------------------------------------------------------------------------------------------------------------------
 Name                            # reqs      # fails  |     Avg     Min     Max  Median    TP99  |   req/s failures/s
 search                             124     0(0.00%)  |    1537     353    1890    1600    1848  |    6.20    0.00
 Name                            # reqs      # fails  |     Avg     Min     Max  Median    TP99  |   req/s failures/s
 search                             246     0(0.00%)  |    1591     468    2771    1698    2598  |    6.10    0.00
 Name                            # reqs      # fails  |     Avg     Min     Max  Median    TP99  |   req/s failures/s
 search                             369     0(0.00%)  |    1643     440    2008    1648    2005  |    6.15    0.00
[MultiProcessConcurrent] End concurrent pool
------------------------------------------------- Print final status ------------------------------------------------
 Name                            # reqs      # fails  |     Avg     Min     Max  Median    TP99  |   req/s failures/s
 search                             379     0(0.00%)  |    1591     353    2771    1646    2005  |    6.26    0.00
------------------------ Print the status without start and end warmup time:0s as a reference -----------------------
 Name                            # reqs      # fails  |     Avg     Min     Max  Median    TP99  |   req/s failures/s
 search                             379     0(0.00%)  |    1591     353    2771    1646    2005  |    6.26    0.00
[ParserResult] Completed sync report
[MultiProcessConcurrent] Summary of overall results: 
{'reqs': 379,
 'rps': 6.2608,
 'total_time_s': 60.5355,
 'avg_time_ms': 1591.9695,
 'min_time_ms': 353.9312,
 'max_time_ms': 2771.3915,
 'median_time_ms': 1646.3163,
 'p95_time_ms': 1929.3136,
 'p99_time_ms': 2005.0471,
 'sum_all_rt_ms': 603356.4425}
---------------------------------------------- Concurrency task finished! ----------------------------------------------
---------------------------------------------- Concurrency task started! -----------------------------------------------
[MultiProcessConcurrent] Parameters used: 
{'database_params': {'metric_type': 'L2', 'dim': 64, 'max_length': 256},
 'insert_params': {},
 'connection_params': {'secure': False},
 'collection_params': {'collection_name': 'merlin_item_collection'},
 'index_params': {},
 'load_params': {},
 'search_params': {},
 'concurrent_params': {'concurrent_number': 10,
                       'during_time': 60,
                       'warm_time': 0,
                       'interval': 20},
 'concurrent_tasks': [{'type': 'query',
                       'weight': 0,
                       'params': {'expr': 'id in [1, 10, 100, 1000]',
                                  'timeout': 1800}},
                      {'type': 'search',
                       'weight': 1,
                       'params': {'nq': 1000,
                                  'top_k': 100,
                                  'search_param': {'nprobe': 20},
                                  'timeout': 1800}}]}
[MultiProcessConcurrent] Get multiprocessing start method: forkserver
[MultiProcessConcurrent] Start initializing the concurrent pool
[MultiProcessConcurrent] Start waiting for 10 processes ready: 2.0s
[MultiProcessConcurrent] Start concurrent pool
[ParserResult] Starting sync report, interval:20s, intermediate state results are available for reference
 Name                            # reqs      # fails  |     Avg     Min     Max  Median    TP99  |   req/s failures/s
---------------------------------------------------------------------------------------------------------------------
 Name                            # reqs      # fails  |     Avg     Min     Max  Median    TP99  |   req/s failures/s
 search                              51     0(0.00%)  |    3382    1114    4976    3537    4933  |    2.55    0.00
 Name                            # reqs      # fails  |     Avg     Min     Max  Median    TP99  |   req/s failures/s
 search                             112     0(0.00%)  |    3441     744    4477    3479    4463  |    3.05    0.00
 Name                            # reqs      # fails  |     Avg     Min     Max  Median    TP99  |   req/s failures/s
 search                             179     0(0.00%)  |    3055    1478    4664    3074    4601  |    3.35    0.00
[MultiProcessConcurrent] End concurrent pool
------------------------------------------------- Print final status ------------------------------------------------
 Name                            # reqs      # fails  |     Avg     Min     Max  Median    TP99  |   req/s failures/s
 search                             189     0(0.00%)  |    3264     744    4976    3332    4858  |    3.03    0.00
------------------------ Print the status without start and end warmup time:0s as a reference -----------------------
 Name                            # reqs      # fails  |     Avg     Min     Max  Median    TP99  |   req/s failures/s
 search                             189     0(0.00%)  |    3264     744    4976    3332    4858  |    3.03    0.00
[ParserResult] Completed sync report
[MultiProcessConcurrent] Summary of overall results: 
{'reqs': 189,
 'rps': 3.0349,
 'total_time_s': 62.2759,
 'avg_time_ms': 3264.9437,
 'min_time_ms': 744.6901,
 'max_time_ms': 4976.7419,
 'median_time_ms': 3332.2282,
 'p95_time_ms': 4404.1307,
 'p99_time_ms': 4858.7271,
 'sum_all_rt_ms': 617074.3674}
---------------------------------------------- Concurrency task finished! ----------------------------------------------
