Fri 07 Jul 2023 02:24:30 PM UTC
Fri 07 Jul 2023 02:24:32 PM UTC
Fri 07 Jul 2023 02:24:42 PM UTC
------------------------------------------------- Recall task started! -------------------------------------------------
[DatasetDownload] File existed:/raid/whicks/proj_milvus/vectordb-benchmark/datasets/dataset_files/yoochoose.hdf5
[ClientMilvus] Parameters used: 
{'database_params': {'metric_type': 'L2', 'dim': 64, 'max_length': 256},
 'insert_params': {'batch': 1000},
 'connection_params': {'secure': False},
 'collection_params': {'collection_name': 'merlin_user_item_collection',
                       'other_fields': []},
 'index_params': {'index_type': 'GPU_IVF_PQ',
                  'index_param': {'nlist': 100, 'm': 64, 'nbits': 8}},
 'load_params': {},
 'search_params': {'timeout': 1800,
                   'top_k': [100],
                   'nq': [1000],
                   'search_param': {'nprobe': [5, 10, 20]}},
 'concurrent_params': {},
 'concurrent_tasks': []}
[ClientMilvus] Start preparing data
[ClientMilvus] Start inserting data
[ClientMilvus] Start building index
[ClientMilvus] Start loading data
[ClientMilvus] Insert time:1.437s, Index time:3.035s, Load time:3.536s
[ClientMilvus] Data preparation completed
[ClientMilvus] Search recall:0.992, search params:{'top_k': 100, 'nq': 1000, 'search_param': {'nprobe': 5}, 'timeout': 1800, 'metric_type': 'L2'}
[ClientMilvus] Search recall:0.992, search params:{'top_k': 100, 'nq': 1000, 'search_param': {'nprobe': 10}, 'timeout': 1800, 'metric_type': 'L2'}
[ClientMilvus] Search recall:0.992, search params:{'top_k': 100, 'nq': 1000, 'search_param': {'nprobe': 20}, 'timeout': 1800, 'metric_type': 'L2'}
------------------------------------------------ Recall task finished! -------------------------------------------------
Fri 07 Jul 2023 03:46:51 PM UTC
Fri 07 Jul 2023 03:46:51 PM UTC
---------------------------------------------- Concurrency task started! -----------------------------------------------
[MultiProcessConcurrent] Parameters used: 
{'database_params': {'metric_type': 'L2', 'dim': 64, 'max_length': 256},
 'insert_params': {},
 'connection_params': {'secure': False},
 'collection_params': {'collection_name': 'merlin_user_item_collection'},
 'index_params': {},
 'load_params': {},
 'search_params': {},
 'concurrent_params': {'concurrent_number': 10,
                       'during_time': 60,
                       'warm_time': 0,
                       'interval': 20},
 'concurrent_tasks': [{'type': 'query',
                       'weight': 0,
                       'params': {'expr': 'id in [1, 10, 100, 1000]',
                                  'timeout': 1800}},
                      {'type': 'search',
                       'weight': 1,
                       'params': {'nq': 1000,
                                  'top_k': 100,
                                  'search_param': {'nprobe': 5},
                                  'timeout': 1800}}]}
[MultiProcessConcurrent] Get multiprocessing start method: forkserver
[MultiProcessConcurrent] Start initializing the concurrent pool
[MultiProcessConcurrent] Start waiting for 10 processes ready: 2.0s
[MultiProcessConcurrent] Start concurrent pool
[ParserResult] Starting sync report, interval:20s, intermediate state results are available for reference
 Name                            # reqs      # fails  |     Avg     Min     Max  Median    TP99  |   req/s failures/s
---------------------------------------------------------------------------------------------------------------------
 Name                            # reqs      # fails  |     Avg     Min     Max  Median    TP99  |   req/s failures/s
 search                             854     0(0.00%)  |     231     177     323     229     297  |   42.70    0.00
 Name                            # reqs      # fails  |     Avg     Min     Max  Median    TP99  |   req/s failures/s
 search                            1720     0(0.00%)  |     230     183     271     229     262  |   43.30    0.00
 Name                            # reqs      # fails  |     Avg     Min     Max  Median    TP99  |   req/s failures/s
 search                            2585     0(0.00%)  |     229     181     273     228     265  |   43.25    0.00
[MultiProcessConcurrent] End concurrent pool
------------------------------------------------- Print final status ------------------------------------------------
 Name                            # reqs      # fails  |     Avg     Min     Max  Median    TP99  |   req/s failures/s
 search                            2595     0(0.00%)  |     230     177     323     229     269  |   43.11    0.00
------------------------ Print the status without start and end warmup time:0s as a reference -----------------------
 Name                            # reqs      # fails  |     Avg     Min     Max  Median    TP99  |   req/s failures/s
 search                            2595     0(0.00%)  |     230     177     323     229     269  |   43.11    0.00
[ParserResult] Completed sync report
[MultiProcessConcurrent] Summary of overall results: 
{'reqs': 2595,
 'rps': 43.1144,
 'total_time_s': 60.1887,
 'avg_time_ms': 230.572,
 'min_time_ms': 177.935,
 'max_time_ms': 323.0824,
 'median_time_ms': 229.1812,
 'p95_time_ms': 256.7183,
 'p99_time_ms': 269.4881,
 'sum_all_rt_ms': 598334.4009}
---------------------------------------------- Concurrency task finished! ----------------------------------------------
Fri 07 Jul 2023 03:48:03 PM UTC
Fri 07 Jul 2023 03:48:03 PM UTC
---------------------------------------------- Concurrency task started! -----------------------------------------------
[MultiProcessConcurrent] Parameters used: 
{'database_params': {'metric_type': 'L2', 'dim': 64, 'max_length': 256},
 'insert_params': {},
 'connection_params': {'secure': False},
 'collection_params': {'collection_name': 'merlin_user_item_collection'},
 'index_params': {},
 'load_params': {},
 'search_params': {},
 'concurrent_params': {'concurrent_number': 10,
                       'during_time': 60,
                       'warm_time': 0,
                       'interval': 20},
 'concurrent_tasks': [{'type': 'query',
                       'weight': 0,
                       'params': {'expr': 'id in [1, 10, 100, 1000]',
                                  'timeout': 1800}},
                      {'type': 'search',
                       'weight': 1,
                       'params': {'nq': 1000,
                                  'top_k': 100,
                                  'search_param': {'nprobe': 10},
                                  'timeout': 1800}}]}
[MultiProcessConcurrent] Get multiprocessing start method: forkserver
[MultiProcessConcurrent] Start initializing the concurrent pool
[MultiProcessConcurrent] Start waiting for 10 processes ready: 2.0s
[MultiProcessConcurrent] Start concurrent pool
[ParserResult] Starting sync report, interval:20s, intermediate state results are available for reference
 Name                            # reqs      # fails  |     Avg     Min     Max  Median    TP99  |   req/s failures/s
---------------------------------------------------------------------------------------------------------------------
 Name                            # reqs      # fails  |     Avg     Min     Max  Median    TP99  |   req/s failures/s
 search                             865     0(0.00%)  |     228     176     321     226     273  |   43.25    0.00
 Name                            # reqs      # fails  |     Avg     Min     Max  Median    TP99  |   req/s failures/s
 search                            1744     0(0.00%)  |     226     169     271     225     259  |   43.95    0.00
 Name                            # reqs      # fails  |     Avg     Min     Max  Median    TP99  |   req/s failures/s
 search                            2623     0(0.00%)  |     227     180     279     226     263  |   43.95    0.00
[MultiProcessConcurrent] End concurrent pool
------------------------------------------------- Print final status ------------------------------------------------
 Name                            # reqs      # fails  |     Avg     Min     Max  Median    TP99  |   req/s failures/s
 search                            2633     0(0.00%)  |     227     169     321     226     265  |   43.72    0.00
------------------------ Print the status without start and end warmup time:0s as a reference -----------------------
 Name                            # reqs      # fails  |     Avg     Min     Max  Median    TP99  |   req/s failures/s
 search                            2633     0(0.00%)  |     227     169     321     226     265  |   43.72    0.00
[ParserResult] Completed sync report
[MultiProcessConcurrent] Summary of overall results: 
{'reqs': 2633,
 'rps': 43.7193,
 'total_time_s': 60.2251,
 'avg_time_ms': 227.3447,
 'min_time_ms': 169.6316,
 'max_time_ms': 321.403,
 'median_time_ms': 226.2856,
 'p95_time_ms': 251.8152,
 'p99_time_ms': 265.4891,
 'sum_all_rt_ms': 598598.5398}
---------------------------------------------- Concurrency task finished! ----------------------------------------------
Fri 07 Jul 2023 03:49:14 PM UTC
Fri 07 Jul 2023 03:49:14 PM UTC
---------------------------------------------- Concurrency task started! -----------------------------------------------
[MultiProcessConcurrent] Parameters used: 
{'database_params': {'metric_type': 'L2', 'dim': 64, 'max_length': 256},
 'insert_params': {},
 'connection_params': {'secure': False},
 'collection_params': {'collection_name': 'merlin_user_item_collection'},
 'index_params': {},
 'load_params': {},
 'search_params': {},
 'concurrent_params': {'concurrent_number': 10,
                       'during_time': 60,
                       'warm_time': 0,
                       'interval': 20},
 'concurrent_tasks': [{'type': 'query',
                       'weight': 0,
                       'params': {'expr': 'id in [1, 10, 100, 1000]',
                                  'timeout': 1800}},
                      {'type': 'search',
                       'weight': 1,
                       'params': {'nq': 1000,
                                  'top_k': 100,
                                  'search_param': {'nprobe': 20},
                                  'timeout': 1800}}]}
[MultiProcessConcurrent] Get multiprocessing start method: forkserver
[MultiProcessConcurrent] Start initializing the concurrent pool
[MultiProcessConcurrent] Start waiting for 10 processes ready: 2.0s
[MultiProcessConcurrent] Start concurrent pool
[ParserResult] Starting sync report, interval:20s, intermediate state results are available for reference
 Name                            # reqs      # fails  |     Avg     Min     Max  Median    TP99  |   req/s failures/s
---------------------------------------------------------------------------------------------------------------------
 Name                            # reqs      # fails  |     Avg     Min     Max  Median    TP99  |   req/s failures/s
 search                             836     0(0.00%)  |     236     187     318     235     286  |   41.80    0.00
 Name                            # reqs      # fails  |     Avg     Min     Max  Median    TP99  |   req/s failures/s
 search                            1681     0(0.00%)  |     235     190     302     234     272  |   42.25    0.00
 Name                            # reqs      # fails  |     Avg     Min     Max  Median    TP99  |   req/s failures/s
 search                            2539     0(0.00%)  |     233     175     310     232     281  |   42.90    0.00
[MultiProcessConcurrent] End concurrent pool
------------------------------------------------- Print final status ------------------------------------------------
 Name                            # reqs      # fails  |     Avg     Min     Max  Median    TP99  |   req/s failures/s
 search                            2544     0(0.00%)  |     235     175     318     233     280  |   42.22    0.00
------------------------ Print the status without start and end warmup time:0s as a reference -----------------------
 Name                            # reqs      # fails  |     Avg     Min     Max  Median    TP99  |   req/s failures/s
 search                            2544     0(0.00%)  |     235     175     318     233     280  |   42.22    0.00
[ParserResult] Completed sync report
[MultiProcessConcurrent] Summary of overall results: 
{'reqs': 2544,
 'rps': 42.218,
 'total_time_s': 60.2587,
 'avg_time_ms': 235.1191,
 'min_time_ms': 175.1533,
 'max_time_ms': 318.5579,
 'median_time_ms': 233.9386,
 'p95_time_ms': 267.2605,
 'p99_time_ms': 280.9464,
 'sum_all_rt_ms': 598142.9303}
---------------------------------------------- Concurrency task finished! ----------------------------------------------
Fri 07 Jul 2023 03:50:26 PM UTC
Fri 07 Jul 2023 03:50:26 PM UTC
Fri 07 Jul 2023 03:50:35 PM UTC
